<?xml version="1.0" encoding="UTF-8"?>
<!-- Generated by org.testng.reporters.JUnitReportReporter -->
<testsuite hostname="DESKTOP-U3D6RDB" failures="0" tests="1" name="Automation.Swipes" time="45.609" errors="0" timestamp="2023-05-13T19:56:22 IST" skipped="0">
  <testcase classname="Automation.Swipes" name="swipping" time="45.609"/>
  <system-out/>
</testsuite> <!-- Automation.Swipes -->
