<?xml version="1.0" encoding="UTF-8"?>
<!-- Generated by org.testng.reporters.JUnitReportReporter -->
<testsuite hostname="DESKTOP-U3D6RDB" failures="0" tests="1" name="Automation.Views" time="22.521" errors="0" timestamp="2023-05-08T22:12:45 IST" skipped="0">
  <testcase classname="Automation.Views" name="view" time="22.521"/>
  <system-out/>
</testsuite> <!-- Automation.Views -->
