<?xml version="1.0" encoding="UTF-8"?>
<!-- Generated by org.testng.reporters.JUnitReportReporter -->
<testsuite hostname="DESKTOP-U3D6RDB" failures="0" tests="1" name="Test_Scenerio.AddtoCart" time="52.944" errors="0" timestamp="2023-05-11T19:26:45 IST" skipped="0">
  <testcase classname="Test_Scenerio.AddtoCart" name="log" time="52.944"/>
  <system-out/>
</testsuite> <!-- Test_Scenerio.AddtoCart -->
