<?xml version="1.0" encoding="UTF-8"?>
<!-- Generated by org.testng.reporters.JUnitReportReporter -->
<testsuite hostname="DESKTOP-U3D6RDB" failures="0" tests="1" name="Automation.iQOO" time="13.112" errors="0" timestamp="2023-05-08T11:35:01 IST" skipped="0">
  <testcase classname="Automation.iQOO" name="test3" time="13.112"/>
  <system-out/>
</testsuite> <!-- Automation.iQOO -->
