<?xml version="1.0" encoding="UTF-8"?>
<!-- Generated by org.testng.reporters.JUnitReportReporter -->
<testsuite hostname="DESKTOP-U3D6RDB" failures="0" tests="1" name="Automation.ScrollParticularElement" time="47.284" errors="0" timestamp="2023-05-16T20:01:09 IST" skipped="0">
  <testcase classname="Automation.ScrollParticularElement" name="scrol" time="47.284"/>
  <system-out/>
</testsuite> <!-- Automation.ScrollParticularElement -->
