<?xml version="1.0" encoding="UTF-8"?>
<!-- Generated by org.testng.reporters.JUnitReportReporter -->
<testsuite hostname="DESKTOP-U3D6RDB" failures="0" tests="1" name="Test_Scenerio.Login" time="49.903" errors="0" timestamp="2023-05-09T19:46:43 IST" skipped="0">
  <testcase classname="Test_Scenerio.Login" name="log" time="49.903"/>
  <system-out/>
</testsuite> <!-- Test_Scenerio.Login -->
