<?xml version="1.0" encoding="UTF-8"?>
<!-- Generated by org.testng.reporters.JUnitReportReporter -->
<testsuite hostname="DESKTOP-U3D6RDB" failures="0" tests="1" name="Automation.ScrollAction" time="14.503" errors="0" timestamp="2023-05-09T15:11:13 IST" skipped="0">
  <testcase classname="Automation.ScrollAction" name="Scrolls" time="14.503"/>
  <system-out/>
</testsuite> <!-- Automation.ScrollAction -->
