<?xml version="1.0" encoding="UTF-8"?>
<!-- Generated by org.testng.reporters.JUnitReportReporter -->
<testsuite hostname="DESKTOP-U3D6RDB" failures="0" tests="1" name="Automation.Expandable" time="14.653" errors="0" timestamp="2023-05-09T10:23:35 IST" skipped="0">
  <testcase classname="Automation.Expandable" name="testing" time="14.653"/>
  <system-out/>
</testsuite> <!-- Automation.Expandable -->
