<?xml version="1.0" encoding="UTF-8"?>
<!-- Generated by org.testng.reporters.JUnitReportReporter -->
<testsuite hostname="DESKTOP-U3D6RDB" failures="0" tests="1" name="Automation.Longpresss" time="20.017" errors="0" timestamp="2023-05-09T11:26:43 IST" skipped="0">
  <testcase classname="Automation.Longpresss" name="testing" time="20.017"/>
  <system-out/>
</testsuite> <!-- Automation.Longpresss -->
