<?xml version="1.0" encoding="UTF-8"?>
<!-- Generated by org.testng.reporters.JUnitReportReporter -->
<testsuite hostname="DESKTOP-U3D6RDB" failures="0" tests="1" name="Automation.Oneplus" time="3.216" errors="1" timestamp="2023-05-08T15:21:43 IST" skipped="0">
  <testcase classname="Automation.Oneplus" name="test2" time="3.216">
    <error message="Could not start a new session. Response code 500. Message: An unknown server-side error occurred while processing the command. Original error: Error executing adbExec. Original error: &#039;Command &#039;C:\\Users\\Lenovo\\AppData\\Local\\Android\\Sdk\\platform-tools\\adb.exe -P 5037 -s fd806b6d shell &#039;settings delete global hidden_api_policy_pre_p_apps;settings delete global hidden_api_policy_p_apps;settings delete global hidden_api_policy&#039;&#039; exited with code 255&#039;; Command output: 
Exception occurred while executing &#039;delete&#039;:
java.lang.SecurityException: Permission denial: writing to settings requires:android.permission.WRITE_SECURE_SETTINGS
	at com.android.providers.settings.SettingsProvider.enforceWritePermission(SettingsProvider.java:2640)
	at com.android.providers.settings.SettingsProvider.mutateGlobalSetting(SettingsProvider.java:1632)
	at com.android.providers.settings.SettingsProvider.mutateGlobalSetting(SettingsProvider.java:1624)
	at com.android.providers.settings.SettingsProvider.deleteGlobalSetting(SettingsProvider.java:1595)
	at com.android.providers.settings.SettingsProvider.call(SettingsProvider.java:661)
	at android.content.ContentProvider.call(ContentProvider.java:2473)
	at android.content.ContentProvider$Transport.call(ContentProvider.java:521)
	at com.android.providers.settings.SettingsService$MyShellCommand.deleteForUser(SettingsService.java:408)
	at com.android.providers.settings.SettingsService$MyShellCommand.onCommand(SettingsService.java:282)
	at com.android.modules.utils.BasicShellCommandHandler.exec(BasicShellCommandHandler.java:97)
	at android.os.ShellCommand.exec(ShellCommand.java:38)
	at com.android.providers.settings.SettingsService.onShellCommand(SettingsService.java:50)
	at android.os.Binder.shellCommand(Binder.java:970)
	at android.os.Binder.onTransact(Binder.java:854)
	at android.os.Binder.execTransactInternal(Binder.java:1226)
	at android.os.Binder.execTransact(Binder.java:1163)

Exception occurred while executing &#039;delete&#039;:
java.lang.SecurityException: Permission denial: writing to settings requires:android.permission.WRITE_SECURE_SETTINGS
	at com.android.providers.settings.SettingsProvider.enforceWritePermission(SettingsProvider.java:2640)
	at com.android.providers.settings.SettingsProvider.mutateGlobalSetting(SettingsProvider.java:1632)
	at com.android.providers.settings.SettingsProvider.mutateGlobalSetting(SettingsProvider.java:1624)
	at com.android.providers.settings.SettingsProvider.deleteGlobalSetting(SettingsProvider.java:1595)
	at com.android.providers.settings.SettingsProvider.call(SettingsProvider.java:661)
	at android.content.ContentProvider.call(ContentProvider.java:2473)
	at android.content.ContentProvider$Transport.call(ContentProvider.java:521)
	at com.android.providers.settings.SettingsService$MyShellCommand.deleteForUser(SettingsService.java:408)
	at com.android.providers.settings.SettingsService$MyShellCommand.onCommand(SettingsService.java:282)
	at com.android.modules.utils.BasicShellCommandHandler.exec(BasicShellCommandHandler.java:97)
	at android.os.ShellCommand.exec(ShellCommand.java:38)
	at com.android.providers.settings.SettingsService.onShellCommand(SettingsService.java:50)
	at android.os.Binder.shellCommand(Binder.java:970)
	at android.os.Binder.onTransact(Binder.java:854)
	at android.os.Binder.execTransactInternal(Binder.java:1226)
	at android.os.Binder.execTransact(Binder.java:1163)

Exception occurred while executing &#039;delete&#039;:
java.lang.SecurityException: Permission denial: writing to settings requires:android.permission.WRITE_SECURE_SETTINGS
	at com.android.providers.settings.SettingsProvider.enforceWritePermission(SettingsProvider.java:2640)
	at com.android.providers.settings.SettingsProvider.mutateGlobalSetting(SettingsProvider.java:1632)
	at com.android.providers.settings.SettingsProvider.mutateGlobalSetting(SettingsProvider.java:1624)
	at com.android.providers.settings.SettingsProvider.deleteGlobalSetting(SettingsProvider.java:1595)
	at com.android.providers.settings.SettingsProvider.call(SettingsProvider.java:661)
	at android.content.ContentProvider.call(ContentProvider.java:2473)
	at android.content.ContentProvider$Transport.call(ContentProvider.java:521)
	at com.android.providers.settings.SettingsService$MyShellCommand.deleteForUser(SettingsService.java:408)
	at com.android.providers.settings.SettingsService$MyShellCommand.onCommand(SettingsService.java:282)
	at com.android.modules.utils.BasicShellCommandHandler.exec(BasicShellCommandHandler.java:97)
	at android.os.ShellCommand.exec(ShellCommand.java:38)
	at com.android.providers.settings.SettingsService.onShellCommand(SettingsService.java:50)
	at android.os.Binder.shellCommand(Binder.java:970)
	at android.os.Binder.onTransact(Binder.java:854)
	at android.os.Binder.execTransactInternal(Binder.java:1226)
	at android.os.Binder.execTransact(Binder.java:1163)
 
Host info: host: &#039;DESKTOP-U3D6RDB&#039;, ip: &#039;10.10.60.152&#039;
Build info: version: &#039;4.9.0&#039;, revision: &#039;d7057100a6&#039;
System info: os.name: &#039;Windows 11&#039;, os.arch: &#039;amd64&#039;, os.version: &#039;10.0&#039;, java.version: &#039;17.0.6&#039;
Driver info: io.appium.java_client.android.AndroidDriver
Command: [null, newSession {capabilities=[{appium:appActivity=.Calculator, appium:appPackage=com.oneplus.calculator, appium:automationName=UiAutomator2, appium:deviceName=OnePlus, platformName=ANDROID, appium:udid=fd806b6d}], desiredCapabilities=Capabilities {appActivity: .Calculator, appPackage: com.oneplus.calculator, automationName: UiAutomator2, deviceName: OnePlus, platformName: ANDROID, udid: fd806b6d}}]
Capabilities {appActivity: .Calculator, appPackage: com.oneplus.calculator, automationName: UiAutomator2, deviceName: OnePlus, platformName: ANDROID, udid: fd806b6d}" type="org.openqa.selenium.SessionNotCreatedException">
      <![CDATA[org.openqa.selenium.SessionNotCreatedException: Could not start a new session. Response code 500. Message: An unknown server-side error occurred while processing the command. Original error: Error executing adbExec. Original error: 'Command 'C:\\Users\\Lenovo\\AppData\\Local\\Android\\Sdk\\platform-tools\\adb.exe -P 5037 -s fd806b6d shell 'settings delete global hidden_api_policy_pre_p_apps;settings delete global hidden_api_policy_p_apps;settings delete global hidden_api_policy'' exited with code 255'; Command output: 
Exception occurred while executing 'delete':
java.lang.SecurityException: Permission denial: writing to settings requires:android.permission.WRITE_SECURE_SETTINGS
at com.android.providers.settings.SettingsProvider.enforceWritePermission(SettingsProvider.java:2640)
at com.android.providers.settings.SettingsProvider.mutateGlobalSetting(SettingsProvider.java:1632)
at com.android.providers.settings.SettingsProvider.mutateGlobalSetting(SettingsProvider.java:1624)
at com.android.providers.settings.SettingsProvider.deleteGlobalSetting(SettingsProvider.java:1595)
at com.android.providers.settings.SettingsProvider.call(SettingsProvider.java:661)
at android.content.ContentProvider.call(ContentProvider.java:2473)
at android.content.ContentProvider$Transport.call(ContentProvider.java:521)
at com.android.providers.settings.SettingsService$MyShellCommand.deleteForUser(SettingsService.java:408)
at com.android.providers.settings.SettingsService$MyShellCommand.onCommand(SettingsService.java:282)
at com.android.modules.utils.BasicShellCommandHandler.exec(BasicShellCommandHandler.java:97)
at android.os.ShellCommand.exec(ShellCommand.java:38)
at com.android.providers.settings.SettingsService.onShellCommand(SettingsService.java:50)
at android.os.Binder.shellCommand(Binder.java:970)
at android.os.Binder.onTransact(Binder.java:854)
at android.os.Binder.execTransactInternal(Binder.java:1226)
at android.os.Binder.execTransact(Binder.java:1163)

Exception occurred while executing 'delete':
java.lang.SecurityException: Permission denial: writing to settings requires:android.permission.WRITE_SECURE_SETTINGS
at com.android.providers.settings.SettingsProvider.enforceWritePermission(SettingsProvider.java:2640)
at com.android.providers.settings.SettingsProvider.mutateGlobalSetting(SettingsProvider.java:1632)
at com.android.providers.settings.SettingsProvider.mutateGlobalSetting(SettingsProvider.java:1624)
at com.android.providers.settings.SettingsProvider.deleteGlobalSetting(SettingsProvider.java:1595)
at com.android.providers.settings.SettingsProvider.call(SettingsProvider.java:661)
at android.content.ContentProvider.call(ContentProvider.java:2473)
at android.content.ContentProvider$Transport.call(ContentProvider.java:521)
at com.android.providers.settings.SettingsService$MyShellCommand.deleteForUser(SettingsService.java:408)
at com.android.providers.settings.SettingsService$MyShellCommand.onCommand(SettingsService.java:282)
at com.android.modules.utils.BasicShellCommandHandler.exec(BasicShellCommandHandler.java:97)
at android.os.ShellCommand.exec(ShellCommand.java:38)
at com.android.providers.settings.SettingsService.onShellCommand(SettingsService.java:50)
at android.os.Binder.shellCommand(Binder.java:970)
at android.os.Binder.onTransact(Binder.java:854)
at android.os.Binder.execTransactInternal(Binder.java:1226)
at android.os.Binder.execTransact(Binder.java:1163)

Exception occurred while executing 'delete':
java.lang.SecurityException: Permission denial: writing to settings requires:android.permission.WRITE_SECURE_SETTINGS
at com.android.providers.settings.SettingsProvider.enforceWritePermission(SettingsProvider.java:2640)
at com.android.providers.settings.SettingsProvider.mutateGlobalSetting(SettingsProvider.java:1632)
at com.android.providers.settings.SettingsProvider.mutateGlobalSetting(SettingsProvider.java:1624)
at com.android.providers.settings.SettingsProvider.deleteGlobalSetting(SettingsProvider.java:1595)
at com.android.providers.settings.SettingsProvider.call(SettingsProvider.java:661)
at android.content.ContentProvider.call(ContentProvider.java:2473)
at android.content.ContentProvider$Transport.call(ContentProvider.java:521)
at com.android.providers.settings.SettingsService$MyShellCommand.deleteForUser(SettingsService.java:408)
at com.android.providers.settings.SettingsService$MyShellCommand.onCommand(SettingsService.java:282)
at com.android.modules.utils.BasicShellCommandHandler.exec(BasicShellCommandHandler.java:97)
at android.os.ShellCommand.exec(ShellCommand.java:38)
at com.android.providers.settings.SettingsService.onShellCommand(SettingsService.java:50)
at android.os.Binder.shellCommand(Binder.java:970)
at android.os.Binder.onTransact(Binder.java:854)
at android.os.Binder.execTransactInternal(Binder.java:1226)
at android.os.Binder.execTransact(Binder.java:1163)
 
Host info: host: 'DESKTOP-U3D6RDB', ip: '10.10.60.152'
Build info: version: '4.9.0', revision: 'd7057100a6'
System info: os.name: 'Windows 11', os.arch: 'amd64', os.version: '10.0', java.version: '17.0.6'
Driver info: io.appium.java_client.android.AndroidDriver
Command: [null, newSession {capabilities=[{appium:appActivity=.Calculator, appium:appPackage=com.oneplus.calculator, appium:automationName=UiAutomator2, appium:deviceName=OnePlus, platformName=ANDROID, appium:udid=fd806b6d}], desiredCapabilities=Capabilities {appActivity: .Calculator, appPackage: com.oneplus.calculator, automationName: UiAutomator2, deviceName: OnePlus, platformName: ANDROID, udid: fd806b6d}}]
Capabilities {appActivity: .Calculator, appPackage: com.oneplus.calculator, automationName: UiAutomator2, deviceName: OnePlus, platformName: ANDROID, udid: fd806b6d}
at org.openqa.selenium.remote.ProtocolHandshake.createSession(ProtocolHandshake.java:136)
at java.base/jdk.internal.reflect.NativeMethodAccessorImpl.invoke0(Native Method)
at java.base/jdk.internal.reflect.NativeMethodAccessorImpl.invoke(NativeMethodAccessorImpl.java:77)
at java.base/jdk.internal.reflect.DelegatingMethodAccessorImpl.invoke(DelegatingMethodAccessorImpl.java:43)
at java.base/java.lang.reflect.Method.invoke(Method.java:568)
at io.appium.java_client.remote.AppiumProtocolHandshake.createSession(AppiumProtocolHandshake.java:133)
at io.appium.java_client.remote.AppiumProtocolHandshake.createSession(AppiumProtocolHandshake.java:102)
at io.appium.java_client.remote.AppiumCommandExecutor.createSession(AppiumCommandExecutor.java:194)
at io.appium.java_client.remote.AppiumCommandExecutor.execute(AppiumCommandExecutor.java:262)
at org.openqa.selenium.remote.RemoteWebDriver.execute(RemoteWebDriver.java:543)
at io.appium.java_client.AppiumDriver.startSession(AppiumDriver.java:229)
at org.openqa.selenium.remote.RemoteWebDriver.<init>(RemoteWebDriver.java:157)
at io.appium.java_client.AppiumDriver.<init>(AppiumDriver.java:80)
at io.appium.java_client.AppiumDriver.<init>(AppiumDriver.java:92)
at io.appium.java_client.android.AndroidDriver.<init>(AndroidDriver.java:117)
at Automation.Oneplus.test2(Oneplus.java:27)
at java.base/jdk.internal.reflect.NativeMethodAccessorImpl.invoke0(Native Method)
at java.base/jdk.internal.reflect.NativeMethodAccessorImpl.invoke(NativeMethodAccessorImpl.java:77)
at java.base/jdk.internal.reflect.DelegatingMethodAccessorImpl.invoke(DelegatingMethodAccessorImpl.java:43)
at java.base/java.lang.reflect.Method.invoke(Method.java:568)
at org.testng.internal.MethodInvocationHelper.invokeMethod(MethodInvocationHelper.java:133)
at org.testng.internal.TestInvoker.invokeMethod(TestInvoker.java:598)
at org.testng.internal.TestInvoker.invokeTestMethod(TestInvoker.java:173)
at org.testng.internal.MethodRunner.runInSequence(MethodRunner.java:46)
at org.testng.internal.TestInvoker$MethodInvocationAgent.invoke(TestInvoker.java:824)
at org.testng.internal.TestInvoker.invokeTestMethods(TestInvoker.java:146)
at org.testng.internal.TestMethodWorker.invokeTestMethods(TestMethodWorker.java:146)
at org.testng.internal.TestMethodWorker.run(TestMethodWorker.java:128)
at java.base/java.util.ArrayList.forEach(ArrayList.java:1511)
at org.testng.TestRunner.privateRun(TestRunner.java:794)
at org.testng.TestRunner.run(TestRunner.java:596)
at org.testng.SuiteRunner.runTest(SuiteRunner.java:377)
at org.testng.SuiteRunner.runSequentially(SuiteRunner.java:371)
at org.testng.SuiteRunner.privateRun(SuiteRunner.java:332)
at org.testng.SuiteRunner.run(SuiteRunner.java:276)
at org.testng.SuiteRunnerWorker.runSuite(SuiteRunnerWorker.java:53)
at org.testng.SuiteRunnerWorker.run(SuiteRunnerWorker.java:96)
at org.testng.TestNG.runSuitesSequentially(TestNG.java:1212)
at org.testng.TestNG.runSuitesLocally(TestNG.java:1134)
at org.testng.TestNG.runSuites(TestNG.java:1063)
at org.testng.TestNG.run(TestNG.java:1031)
at org.testng.remote.AbstractRemoteTestNG.run(AbstractRemoteTestNG.java:115)
at org.testng.remote.RemoteTestNG.initAndRun(RemoteTestNG.java:251)
at org.testng.remote.RemoteTestNG.main(RemoteTestNG.java:77)
]]>
    </error>
  </testcase> <!-- test2 -->
  <system-out/>
</testsuite> <!-- Automation.Oneplus -->
